17:29:13.623 [ApplicationImpl pooled thread 46] INFO  c.b.l.BrowserStackRunExtension - cucumber java
17:29:13.623 [ApplicationImpl pooled thread 46] INFO  com.browserstack.utils.Helpers - null
17:29:13.625 [ApplicationImpl pooled thread 46] INFO  c.b.l.BrowserStackRunExtension - Agent path: null
17:31:19.381 [ApplicationImpl pooled thread 82] INFO  c.b.l.BrowserStackRunExtension - cucumber java
17:31:19.382 [ApplicationImpl pooled thread 82] INFO  com.browserstack.utils.Helpers - null
17:31:19.382 [ApplicationImpl pooled thread 82] INFO  c.b.l.BrowserStackRunExtension - Agent path: null
17:31:59.882 [ApplicationImpl pooled thread 78] INFO  c.b.l.BrowserStackRunExtension - cucumber java
17:31:59.882 [ApplicationImpl pooled thread 78] INFO  com.browserstack.utils.Helpers - null
17:31:59.883 [ApplicationImpl pooled thread 78] INFO  c.b.l.BrowserStackRunExtension - Agent path: null
17:34:21.121 [ApplicationImpl pooled thread 81] INFO  c.b.l.BrowserStackRunExtension - cucumber java
17:34:21.121 [ApplicationImpl pooled thread 81] INFO  com.browserstack.utils.Helpers - null
17:34:21.123 [ApplicationImpl pooled thread 81] INFO  c.b.l.BrowserStackRunExtension - Agent path: null
23:20:52.157 [ApplicationImpl pooled thread 505] INFO  c.b.l.BrowserStackRunExtension - cucumber java
23:20:52.157 [ApplicationImpl pooled thread 505] INFO  com.browserstack.utils.Helpers - null
23:20:52.158 [ApplicationImpl pooled thread 505] INFO  c.b.l.BrowserStackRunExtension - Agent path: null
01:02:04.293 [ApplicationImpl pooled thread 813] INFO  c.b.l.BrowserStackRunExtension - junit
01:02:04.293 [ApplicationImpl pooled thread 813] INFO  com.browserstack.utils.Helpers - null
01:02:04.294 [ApplicationImpl pooled thread 813] INFO  c.b.l.BrowserStackRunExtension - Agent path: null
01:25:07.933 [ApplicationImpl pooled thread 873] INFO  c.b.l.BrowserStackRunExtension - maven
01:25:07.933 [ApplicationImpl pooled thread 873] INFO  com.browserstack.utils.Helpers - null
01:25:48.242 [AWT-EventQueue-0] INFO  c.b.actions.EnableBrowserStack - Setting enable browserstack run update
01:25:48.246 [AWT-EventQueue-0] INFO  c.b.actions.DisableBrowserStack - Setting disable browserstack run update
01:25:51.101 [AWT-EventQueue-0] INFO  c.b.actions.EnableBrowserStack - Setting enable browserstack run update
01:25:51.106 [AWT-EventQueue-0] INFO  c.b.actions.DisableBrowserStack - Setting disable browserstack run update
01:28:07.821 [ApplicationImpl pooled thread 867] INFO  c.b.l.BrowserStackRunExtension - maven
01:28:07.821 [ApplicationImpl pooled thread 867] INFO  com.browserstack.utils.Helpers - null
01:35:52.079 [AWT-EventQueue-0] INFO  c.b.actions.EnableBrowserStack - Setting enable browserstack run update
01:35:52.084 [AWT-EventQueue-0] INFO  c.b.actions.DisableBrowserStack - Setting disable browserstack run update
01:37:16.431 [ApplicationImpl pooled thread 908] INFO  c.b.l.BrowserStackRunExtension - maven
01:37:16.431 [ApplicationImpl pooled thread 908] INFO  com.browserstack.utils.Helpers - null
